2025-04-06 01:51:08 [restartedMain] INFO  c.e.EmployeeManagementSystemApplication - Starting EmployeeManagementSystemApplication using Java 18.0.2 with PID 24640 (E:\Projects\Employee_Management_System\target\classes started by ASAN in E:\Projects\Employee_Management_System)
2025-04-06 01:51:08 [restartedMain] DEBUG c.e.EmployeeManagementSystemApplication - Running with Spring Boot v3.4.4, Spring v6.2.5
2025-04-06 01:51:08 [restartedMain] INFO  c.e.EmployeeManagementSystemApplication - No active profile set, falling back to 1 default profile: "default"
2025-04-06 01:51:09 [restartedMain] INFO  o.s.b.d.e.DevToolsPropertyDefaultsPostProcessor - Devtools property defaults active! Set 'spring.devtools.add-properties' to 'false' to disable
2025-04-06 01:51:09 [restartedMain] INFO  o.s.b.d.e.DevToolsPropertyDefaultsPostProcessor - For additional web related logging consider setting the 'logging.level.web' property to 'DEBUG'
2025-04-06 01:51:10 [restartedMain] INFO  o.s.d.r.c.RepositoryConfigurationDelegate - Bootstrapping Spring Data JPA repositories in DEFAULT mode.
2025-04-06 01:51:10 [restartedMain] INFO  o.s.d.r.c.RepositoryConfigurationDelegate - Finished Spring Data repository scanning in 141 ms. Found 4 JPA repository interfaces.
2025-04-06 01:51:12 [restartedMain] INFO  o.s.b.w.e.tomcat.TomcatWebServer - Tomcat initialized with port 8090 (http)
2025-04-06 01:51:12 [restartedMain] INFO  o.a.catalina.core.StandardService - Starting service [Tomcat]
2025-04-06 01:51:12 [restartedMain] INFO  o.a.catalina.core.StandardEngine - Starting Servlet engine: [Apache Tomcat/10.1.39]
2025-04-06 01:51:12 [restartedMain] INFO  o.a.c.c.C.[Tomcat].[localhost].[/] - Initializing Spring embedded WebApplicationContext
2025-04-06 01:51:12 [restartedMain] INFO  o.s.b.w.s.c.ServletWebServerApplicationContext - Root WebApplicationContext: initialization completed in 3420 ms
2025-04-06 01:51:12 [restartedMain] INFO  o.h.jpa.internal.util.LogHelper - HHH000204: Processing PersistenceUnitInfo [name: default]
2025-04-06 01:51:13 [restartedMain] INFO  org.hibernate.Version - HHH000412: Hibernate ORM core version 6.6.11.Final
2025-04-06 01:51:13 [restartedMain] INFO  o.h.c.i.RegionFactoryInitiator - HHH000026: Second-level cache disabled
2025-04-06 01:51:13 [restartedMain] INFO  o.s.o.j.p.SpringPersistenceUnitInfo - No LoadTimeWeaver setup: ignoring JPA class transformer
2025-04-06 01:51:13 [restartedMain] INFO  com.zaxxer.hikari.HikariDataSource - HikariPool-1 - Starting...
2025-04-06 01:51:14 [restartedMain] INFO  com.zaxxer.hikari.pool.HikariPool - HikariPool-1 - Added connection com.mysql.cj.jdbc.ConnectionImpl@4b142a83
2025-04-06 01:51:14 [restartedMain] INFO  com.zaxxer.hikari.HikariDataSource - HikariPool-1 - Start completed.
2025-04-06 01:51:14 [restartedMain] WARN  org.hibernate.orm.deprecation - HHH90000025: MySQL8Dialect does not need to be specified explicitly using 'hibernate.dialect' (remove the property setting and it will be selected by default)
2025-04-06 01:51:14 [restartedMain] WARN  org.hibernate.orm.deprecation - HHH90000026: MySQL8Dialect has been deprecated; use org.hibernate.dialect.MySQLDialect instead
2025-04-06 01:51:14 [restartedMain] INFO  o.hibernate.orm.connections.pooling - HHH10001005: Database info:
	Database JDBC URL [Connecting through datasource 'HikariDataSource (HikariPool-1)']
	Database driver: undefined/unknown
	Database version: 8.0
	Autocommit mode: undefined/unknown
	Isolation level: undefined/unknown
	Minimum pool size: undefined/unknown
	Maximum pool size: undefined/unknown
2025-04-06 01:51:16 [restartedMain] INFO  o.h.e.t.j.p.i.JtaPlatformInitiator - HHH000489: No JTA platform available (set 'hibernate.transaction.jta.platform' to enable JTA platform integration)
2025-04-06 01:51:16 [restartedMain] INFO  o.s.o.j.LocalContainerEntityManagerFactoryBean - Initialized JPA EntityManagerFactory for persistence unit 'default'
2025-04-06 01:51:17 [restartedMain] INFO  o.s.d.j.r.query.QueryEnhancerFactory - Hibernate is in classpath; If applicable, HQL parser will be used.
2025-04-06 01:51:19 [restartedMain] WARN  o.s.b.a.o.j.JpaBaseConfiguration$JpaWebConfiguration - spring.jpa.open-in-view is enabled by default. Therefore, database queries may be performed during view rendering. Explicitly configure spring.jpa.open-in-view to disable this warning
2025-04-06 01:51:19 [restartedMain] WARN  o.s.s.c.a.a.c.InitializeUserDetailsBeanManagerConfigurer$InitializeUserDetailsManagerConfigurer - Found 2 UserDetailsService beans, with names [customUserDetailsService, userDetailsService]. Global Authentication Manager will not use a UserDetailsService for username/password login. Consider publishing a single UserDetailsService bean.
2025-04-06 01:51:20 [restartedMain] INFO  o.s.b.d.a.OptionalLiveReloadServer - LiveReload server is running on port 35729
2025-04-06 01:51:20 [restartedMain] INFO  o.s.b.w.e.tomcat.TomcatWebServer - Tomcat started on port 8090 (http) with context path '/'
2025-04-06 01:51:20 [restartedMain] INFO  c.e.EmployeeManagementSystemApplication - Started EmployeeManagementSystemApplication in 12.421 seconds (process running for 13.613)
2025-04-06 01:51:45 [http-nio-8090-exec-2] INFO  o.a.c.c.C.[Tomcat].[localhost].[/] - Initializing Spring DispatcherServlet 'dispatcherServlet'
2025-04-06 01:51:45 [http-nio-8090-exec-2] INFO  o.s.web.servlet.DispatcherServlet - Initializing Servlet 'dispatcherServlet'
2025-04-06 01:51:45 [http-nio-8090-exec-2] INFO  o.s.web.servlet.DispatcherServlet - Completed initialization in 3 ms
2025-04-06 01:51:45 [http-nio-8090-exec-2] INFO  c.ems.controller.EmployeeController - Fetching all employees
2025-04-06 01:52:51 [http-nio-8090-exec-5] INFO  c.ems.controller.EmployeeController - Fetching employee with ID: 6
2025-04-06 01:52:51 [http-nio-8090-exec-5] DEBUG c.ems.controller.EmployeeController - Employee found: com.ems.model.Employee@2a446813
2025-04-06 01:54:48 [http-nio-8090-exec-8] INFO  c.ems.controller.EmployeeController - Adding new employee: John
2025-04-06 01:54:49 [http-nio-8090-exec-8] WARN  o.h.e.jdbc.spi.SqlExceptionHelper - SQL Error: 1062, SQLState: 23000
2025-04-06 01:54:49 [http-nio-8090-exec-8] ERROR o.h.e.jdbc.spi.SqlExceptionHelper - Duplicate entry 'john.doe@example.com' for key 'UKfopic1oh5oln2khj8eat6ino0'
2025-04-06 01:54:49 [http-nio-8090-exec-8] WARN  o.s.w.s.m.m.a.ExceptionHandlerExceptionResolver - Resolved [org.springframework.dao.DataIntegrityViolationException: could not execute statement [Duplicate entry 'john.doe@example.com' for key 'UKfopic1oh5oln2khj8eat6ino0'] [insert into employee (basic_salary,bonus,created_at,deductions,department_id,email,first_name,hire_date,last_name,phone,role_id,salary,updated_at) values (?,?,?,?,?,?,?,?,?,?,?,?,?)]; SQL [insert into employee (basic_salary,bonus,created_at,deductions,department_id,email,first_name,hire_date,last_name,phone,role_id,salary,updated_at) values (?,?,?,?,?,?,?,?,?,?,?,?,?)]; constraint [UKfopic1oh5oln2khj8eat6ino0]]
2025-04-06 01:54:59 [http-nio-8090-exec-10] INFO  c.ems.controller.EmployeeController - Adding new employee: John
2025-04-06 01:55:53 [http-nio-8090-exec-1] INFO  c.ems.controller.EmployeeController - Updating employee with ID: 8
2025-04-06 01:55:53 [http-nio-8090-exec-1] DEBUG c.ems.controller.EmployeeController - Updated employee: com.ems.model.Employee@390dd096
2025-04-06 01:56:07 [http-nio-8090-exec-2] INFO  c.ems.controller.EmployeeController - Deleting employee with ID: 4
2025-04-06 01:56:07 [http-nio-8090-exec-2] WARN  o.h.e.jdbc.spi.SqlExceptionHelper - SQL Error: 1451, SQLState: 23000
2025-04-06 01:56:07 [http-nio-8090-exec-2] ERROR o.h.e.jdbc.spi.SqlExceptionHelper - Cannot delete or update a parent row: a foreign key constraint fails (`ems`.`user`, CONSTRAINT `FK211dk0pe7l3aibwce8yy61ota` FOREIGN KEY (`employee_id`) REFERENCES `employee` (`employee_id`))
2025-04-06 01:56:07 [http-nio-8090-exec-2] WARN  o.s.w.s.m.m.a.ExceptionHandlerExceptionResolver - Resolved [org.springframework.dao.DataIntegrityViolationException: could not execute statement [Cannot delete or update a parent row: a foreign key constraint fails (`ems`.`user`, CONSTRAINT `FK211dk0pe7l3aibwce8yy61ota` FOREIGN KEY (`employee_id`) REFERENCES `employee` (`employee_id`))] [delete from employee where employee_id=?]; SQL [delete from employee where employee_id=?]; constraint [null]]
2025-04-06 01:56:15 [http-nio-8090-exec-3] INFO  c.ems.controller.EmployeeController - Deleting employee with ID: 5
2025-04-06 01:56:52 [http-nio-8090-exec-5] INFO  com.ems.controller.UserController - Fetching user by username: vel
2025-04-06 01:56:52 [http-nio-8090-exec-5] DEBUG com.ems.controller.UserController - User found: vel
2025-04-06 01:57:15 [http-nio-8090-exec-6] INFO  c.e.controller.DepartmentController - Fetching all departments
2025-04-06 01:57:27 [http-nio-8090-exec-7] INFO  c.e.controller.DepartmentController - Fetching department by name: Sales
2025-04-06 01:57:27 [http-nio-8090-exec-7] DEBUG c.e.controller.DepartmentController - Department found: Sales
2025-04-06 01:59:48 [http-nio-8090-exec-10] WARN  o.s.w.s.m.m.a.ExceptionHandlerExceptionResolver - Resolved [org.springframework.web.servlet.resource.NoResourceFoundException: No static resource stats.]
2025-04-06 02:16:41 [SpringApplicationShutdownHook] INFO  o.s.b.w.e.tomcat.GracefulShutdown - Commencing graceful shutdown. Waiting for active requests to complete
2025-04-06 02:16:41 [tomcat-shutdown] INFO  o.s.b.w.e.tomcat.GracefulShutdown - Graceful shutdown complete
2025-04-06 02:16:41 [SpringApplicationShutdownHook] INFO  o.s.o.j.LocalContainerEntityManagerFactoryBean - Closing JPA EntityManagerFactory for persistence unit 'default'
2025-04-06 02:16:41 [SpringApplicationShutdownHook] INFO  com.zaxxer.hikari.HikariDataSource - HikariPool-1 - Shutdown initiated...
2025-04-06 02:16:41 [SpringApplicationShutdownHook] INFO  com.zaxxer.hikari.HikariDataSource - HikariPool-1 - Shutdown completed.
